00:00:00.089625 VirtualBox GUI VM Selector Window 6.0.14 r132055 linux.amd64 (Oct 16 2019 06:57:26) release log
00:00:00.089627 Log opened 2019-10-27T01:31:51.876435000Z
00:00:00.089628 Build Type: release
00:00:00.089630 OS Product: Linux
00:00:00.089631 OS Release: 5.3.7-arch1-1-ARCH
00:00:00.089632 OS Version: #1 SMP PREEMPT Fri Oct 18 00:17:03 UTC 2019
00:00:00.089650 DMI Product Name: Inspiron 13-7353
00:00:00.089656 DMI Product Version: 
00:00:00.089689 Host RAM: 7847MB (7.6GB) total, 5311MB (5.1GB) available
00:00:00.089691 Executable: /usr/lib/virtualbox/VirtualBox
00:00:00.089692 Process ID: 682
00:00:00.089692 Package type: LINUX_64BITS_GENERIC (OSE)
00:00:00.089715 Qt version: 5.13.1
00:00:00.109563 GUI: UIMediumEnumerator: Medium-enumeration started...
00:00:00.486493 GUI: UIMediumEnumerator: Medium-enumeration finished!
00:00:00.522593 GUI: UIDesktopWidgetWatchdog::sltHandleHostScreenAvailableGeometryCalculated: Screen 0 work area is actually resized to: 962x52 x 476x1026
00:01:07.811618 GUI: UIMediumEnumerator: Medium-enumeration started...
00:01:08.186873 GUI: UIMediumEnumerator: Medium-enumeration finished!
00:01:30.514979 GUI: UIMediumEnumerator: Medium-enumeration started...
00:01:30.642434 GUI: UIMediumEnumerator: Medium-enumeration finished!
00:03:41.833487 ERROR [COM]: aRC=NS_ERROR_UNEXPECTED (0x8000ffff) aIID={c0447716-ff5a-4795-b57a-ecd5fffa18a4} aComponent={SessionWrap} aText={The session is not locked (session state: Unlocked)}, preserve=false aResultDetail=0
00:03:45.312739 GUI: UIMediumEnumerator: Medium-enumeration started...
00:03:45.520679 2D support test succeeded
00:03:45.586427 GUI: UIMediumEnumerator: Medium-enumeration finished!
00:04:11.331595 GUI: UIMediumEnumerator: Medium-enumeration finished!
00:06:43.077389 GUI: UIMediumEnumerator: Medium-enumeration finished!
00:33:58.029676 GUI: UIMediumEnumerator: Medium-enumeration started...
00:33:58.378003 GUI: UIMediumEnumerator: Medium-enumeration finished!
00:34:14.518426 GUI: UIMediumEnumerator: Medium-enumeration started...
00:34:14.640009 GUI: UIMediumEnumerator: Medium-enumeration finished!
00:34:28.285079 GUI: UIMediumEnumerator: Medium-enumeration started...
00:34:28.410992 GUI: UIMediumEnumerator: Medium-enumeration finished!
00:37:23.619070 GUI: UIMediumEnumerator: Medium-enumeration started...
00:37:23.957744 GUI: UIMediumEnumerator: Medium-enumeration finished!
00:37:29.150638 GUI: UIMediumEnumerator: Medium-enumeration finished!
